[0.700s] Invoking command in '/home/mech1/turtle/turtle_ws/build/nav_pkg': PYTHONPATH=/home/mech1/turtle/turtle_ws/build/nav_pkg/prefix_override:/usr/lib/python3/dist-packages/colcon_core/task/python/colcon_distutils_commands:/home/mech1/turtle/turtle_ws/install/nav_pkg/lib/python3.10/site-packages:${PYTHONPATH} /usr/bin/python3 -W ignore:setup.py install is deprecated setup.py develop --editable --build-directory /home/mech1/turtle/turtle_ws/build/nav_pkg/build --no-deps symlink_data
[0.995s] running develop
[0.995s] /usr/lib/python3/dist-packages/setuptools/command/easy_install.py:158: EasyInstallDeprecationWarning: easy_install command is deprecated. Use build and pip and other standards-based tools.
[0.995s]   warnings.warn(
[1.202s] running egg_info
[1.203s] creating nav_pkg.egg-info
[1.203s] writing nav_pkg.egg-info/PKG-INFO
[1.203s] writing dependency_links to nav_pkg.egg-info/dependency_links.txt
[1.203s] writing entry points to nav_pkg.egg-info/entry_points.txt
[1.204s] writing requirements to nav_pkg.egg-info/requires.txt
[1.204s] writing top-level names to nav_pkg.egg-info/top_level.txt
[1.204s] writing manifest file 'nav_pkg.egg-info/SOURCES.txt'
[1.205s] reading manifest file 'nav_pkg.egg-info/SOURCES.txt'
[1.205s] writing manifest file 'nav_pkg.egg-info/SOURCES.txt'
[1.207s] running build_ext
[1.207s] Creating /home/mech1/turtle/turtle_ws/install/nav_pkg/lib/python3.10/site-packages/nav-pkg.egg-link (link to .)
[1.208s] Installing turtle_nav script to /home/mech1/turtle/turtle_ws/install/nav_pkg/lib/nav_pkg
[1.208s] 
[1.208s] Installed /home/mech1/turtle/turtle_ws/build/nav_pkg
[1.208s] running symlink_data
[1.209s] creating /home/mech1/turtle/turtle_ws/install/nav_pkg/share/ament_index
[1.209s] creating /home/mech1/turtle/turtle_ws/install/nav_pkg/share/ament_index/resource_index
[1.209s] creating /home/mech1/turtle/turtle_ws/install/nav_pkg/share/ament_index/resource_index/packages
[1.209s] symbolically linking /home/mech1/turtle/turtle_ws/build/nav_pkg/resource/nav_pkg -> /home/mech1/turtle/turtle_ws/install/nav_pkg/share/ament_index/resource_index/packages
[1.209s] symbolically linking /home/mech1/turtle/turtle_ws/build/nav_pkg/package.xml -> /home/mech1/turtle/turtle_ws/install/nav_pkg/share/nav_pkg
[1.239s] Invoked command in '/home/mech1/turtle/turtle_ws/build/nav_pkg' returned '0': PYTHONPATH=/home/mech1/turtle/turtle_ws/build/nav_pkg/prefix_override:/usr/lib/python3/dist-packages/colcon_core/task/python/colcon_distutils_commands:/home/mech1/turtle/turtle_ws/install/nav_pkg/lib/python3.10/site-packages:${PYTHONPATH} /usr/bin/python3 -W ignore:setup.py install is deprecated setup.py develop --editable --build-directory /home/mech1/turtle/turtle_ws/build/nav_pkg/build --no-deps symlink_data
